Component Rule Check Report for : D:\hardware_library\ACTION_Hardware_Library\ACTION_SchematicDiagramPack.SCHLIB


Name                Errors
------------------------------------------------------------------
Zigbee-E18-MS1-PCB  (No Footprint) 
Transformer 2P4S    (No Footprint) 
Transformer 2P3S    (No Footprint) 
Transformer 2P2S    (No Footprint) 
Transformer 2P1S    (No Footprint) 
Transformer 1P4S    (No Footprint) 
Transformer 1P1S    (No Footprint) 
LPDDR3-FBGA178      (Duplicate Pin Number : Normal: G9) 
STM32L432KBU6       (No Footprint) 
D Flip-Flop_1       (No Footprint) 
R-Thermistor        (No Footprint) 
ALLWINNER-H6        (No Footprint) 
LP5910_1.8V         (No Footprint) 
ICM-20608-G         (No Footprint) 
F280049CPMS         (No Footprint) 
D-Rectifier         (No Footprint) 
AMS1117-3V3         (No Footprint) 
ADXRS453Z           (No Footprint) 
TPS61175            (No Footprint) 
H-BRIDGE            (No Footprint) 
5050_RGB            (No Footprint) 
SW-SPST             (No Footprint) 
SW-SPDT             (No Footprint) 
SW-DPST             (No Footprint) 
OR gate             (No Footprint) 
MPU6050             (No Footprint) 
MAX3232             (No Footprint) 
MAX3051             (No Footprint) 
LM3578A             (No Footprint) 
J-11PIN             (No Footprint) 
J-10PIN             (No Footprint) 
DRV5053             (No Footprint) 
D-TVS-U             (No Footprint) 
SN6501              (No Footprint) 
RES-P4              (No Footprint) 
MP9942              (No Footprint) 
MP2482              (No Footprint) 
LM5069              (No Footprint) 
LM4120              (No Footprint) 
LM3150              (No Footprint) 
J-9PIN              (No Footprint) 
J-8PIN              (No Footprint) 
J-6PIN              (No Footprint) 
J-5PIN              (No Footprint) 
J-4PIN              (No Footprint) 
J-3PIN              (No Footprint) 
J-30X2              (No Footprint) 
J-2PIN              (No Footprint) 
J-1PIN              (No Footprint) 
J-18X2              (No Footprint) 
J-17X2              (No Footprint) 
J-16X2              (No Footprint) 
J-14X2              (No Footprint) 
J-13X2              (No Footprint) 
J-12X2              (No Footprint) 
J-10X2              (No Footprint) 
IR2118              (No Footprint) 
SW-PB               (No Footprint) 
Relay               (No Footprint) 
R-LDR               (No Footprint) 
LM393               (Duplicate Pin Number : Normal: 8, 4) 
LM358               (Duplicate Pin Number : Normal: 8, 4) 
LM339               (Duplicate Pin Number : Normal: 3, 12, 3, 12, 3, 12) 
LM324               (Duplicate Pin Number : Normal: 4, 11, 4, 11, 4, 11) 
J-5X2               (No Footprint) 
J-4X2               (No Footprint) 
J-2X2               (No Footprint) 
ºÚÉ«Ì½Õë                (No Footprint) 
OC-4                (No Footprint) 
OC-2                (No Footprint) 
KEY                 (No Footprint) 
OC                  (No Footprint) 
